<?xml version="1.0" encoding="UTF-8"?>
<!-- Generated by org.testng.reporters.JUnitReportReporter -->
<testsuite skipped="0" hostname="Avinash" name="NDTV_TESTS.NDTV_HomePage_TestNG" tests="1" failures="0" timestamp="2020-09-13T20:05:19 IST" time="24.908" errors="0">
  <testcase name="NDTV" time="24.908" classname="NDTV_TESTS.NDTV_HomePage_TestNG"/>
  <system-out/>
</testsuite> <!-- NDTV_TESTS.NDTV_HomePage_TestNG -->
